Flow report for led_controller
Wed Apr 11 19:36:07 2018
Quartus Prime Version 16.0.0 Build 211 04/27/2016 SJ Standard Edition


---------------------
; Table of Contents ;
---------------------
  1. Legal Notice
  2. Flow Summary
  3. Flow Settings
  4. Flow Non-Default Global Settings
  5. Flow Elapsed Time
  6. Flow OS Summary
  7. Flow Log
  8. Flow Messages
  9. Flow Suppressed Messages



----------------
; Legal Notice ;
----------------
Copyright (C) 1991-2016 Altera Corporation. All rights reserved.
Your use of Altera Corporation's design tools, logic functions 
and other software and tools, and its AMPP partner logic 
functions, and any output files from any of the foregoing 
(including device programming or simulation files), and any 
associated documentation or information are expressly subject 
to the terms and conditions of the Altera Program License 
Subscription Agreement, the Altera Quartus Prime License Agreement,
the Altera MegaCore Function License Agreement, or other 
applicable license agreement, including, without limitation, 
that your use is for the sole purpose of programming logic 
devices manufactured by Altera and sold by Altera or its 
authorized distributors.  Please refer to the applicable 
agreement for further details.



+--------------------------------------------------------------------------------------+
; Flow Summary                                                                         ;
+------------------------------------+-------------------------------------------------+
; Flow Status                        ; Successful - Wed Apr 11 19:36:07 2018           ;
; Quartus Prime Version              ; 16.0.0 Build 211 04/27/2016 SJ Standard Edition ;
; Revision Name                      ; led_controller                                  ;
; Top-level Entity Name              ; led_pwm                                         ;
; Family                             ; Cyclone IV E                                    ;
; Device                             ; EP4CE115F29C7                                   ;
; Timing Models                      ; Final                                           ;
; Total logic elements               ; 16 / 114,480 ( < 1 % )                          ;
;     Total combinational functions  ; 16 / 114,480 ( < 1 % )                          ;
;     Dedicated logic registers      ; 9 / 114,480 ( < 1 % )                           ;
; Total registers                    ; 9                                               ;
; Total pins                         ; 10 / 529 ( 2 % )                                ;
; Total virtual pins                 ; 0                                               ;
; Total memory bits                  ; 0 / 3,981,312 ( 0 % )                           ;
; Embedded Multiplier 9-bit elements ; 0 / 532 ( 0 % )                                 ;
; Total PLLs                         ; 0 / 4 ( 0 % )                                   ;
+------------------------------------+-------------------------------------------------+


+-----------------------------------------+
; Flow Settings                           ;
+-------------------+---------------------+
; Option            ; Setting             ;
+-------------------+---------------------+
; Start date & time ; 04/11/2018 19:22:19 ;
; Main task         ; Compilation         ;
; Revision Name     ; led_controller      ;
+-------------------+---------------------+


+-----------------------------------------------------------------------------------------------------------------------+
; Flow Non-Default Global Settings                                                                                      ;
+-------------------------------------+---------------------------------+----------------+-------------+----------------+
; Assignment Name                     ; Value                           ; Default Value  ; Entity Name ; Section Id     ;
+-------------------------------------+---------------------------------+----------------+-------------+----------------+
; COMPILER_SIGNATURE_ID               ; 159090364249950.152348893902036 ; --             ; --          ; --             ;
; EDA_OUTPUT_DATA_FORMAT              ; Verilog Hdl                     ; --             ; --          ; eda_simulation ;
; EDA_SIMULATION_TOOL                 ; ModelSim-Altera (Verilog)       ; <None>         ; --          ; --             ;
; EDA_TIME_SCALE                      ; 1 ps                            ; --             ; --          ; eda_simulation ;
; MAX_CORE_JUNCTION_TEMP              ; 85                              ; --             ; --          ; --             ;
; MIN_CORE_JUNCTION_TEMP              ; 0                               ; --             ; --          ; --             ;
; NOMINAL_CORE_SUPPLY_VOLTAGE         ; 1.2V                            ; --             ; --          ; --             ;
; PARTITION_COLOR                     ; 16764057                        ; --             ; led_pwm     ; Top            ;
; PARTITION_FITTER_PRESERVATION_LEVEL ; PLACEMENT_AND_ROUTING           ; --             ; led_pwm     ; Top            ;
; PARTITION_NETLIST_TYPE              ; SOURCE                          ; --             ; led_pwm     ; Top            ;
; PROJECT_OUTPUT_DIRECTORY            ; output_files                    ; --             ; --          ; --             ;
; TOP_LEVEL_ENTITY                    ; led_pwm                         ; led_controller ; --          ; --             ;
+-------------------------------------+---------------------------------+----------------+-------------+----------------+


+-------------------------------------------------------------------------------------------------------------------------------+
; Flow Elapsed Time                                                                                                             ;
+---------------------------+--------------+-------------------------+---------------------+------------------------------------+
; Module Name               ; Elapsed Time ; Average Processors Used ; Peak Virtual Memory ; Total CPU Time (on all processors) ;
+---------------------------+--------------+-------------------------+---------------------+------------------------------------+
; Analysis & Synthesis      ; 00:00:14     ; 1.0                     ; 928 MB              ; 00:00:24                           ;
; Fitter                    ; 00:00:18     ; 1.0                     ; 1954 MB             ; 00:00:18                           ;
; Assembler                 ; 00:00:08     ; 1.0                     ; 811 MB              ; 00:00:03                           ;
; TimeQuest Timing Analyzer ; 00:00:05     ; 1.0                     ; 999 MB              ; 00:00:02                           ;
; EDA Netlist Writer        ; 00:00:03     ; 1.0                     ; 778 MB              ; 00:00:01                           ;
; EDA Netlist Writer        ; 00:00:03     ; 1.0                     ; 765 MB              ; 00:00:01                           ;
; EDA Netlist Writer        ; 00:00:03     ; 1.0                     ; 774 MB              ; 00:00:01                           ;
; EDA Netlist Writer        ; 00:00:03     ; 1.0                     ; 765 MB              ; 00:00:01                           ;
; EDA Netlist Writer        ; 00:00:03     ; 1.0                     ; 774 MB              ; 00:00:01                           ;
; EDA Netlist Writer        ; 00:00:03     ; 1.0                     ; 765 MB              ; 00:00:01                           ;
; EDA Netlist Writer        ; 00:00:03     ; 1.0                     ; 774 MB              ; 00:00:01                           ;
; Total                     ; 00:01:06     ; --                      ; --                  ; 00:00:54                           ;
+---------------------------+--------------+-------------------------+---------------------+------------------------------------+


+----------------------------------------------------------------------------------------+
; Flow OS Summary                                                                        ;
+---------------------------+------------------+-----------+------------+----------------+
; Module Name               ; Machine Hostname ; OS Name   ; OS Version ; Processor type ;
+---------------------------+------------------+-----------+------------+----------------+
; Analysis & Synthesis      ; 202a-pc07        ; Windows 8 ; 6.2        ; x86_64         ;
; Fitter                    ; 202a-pc07        ; Windows 8 ; 6.2        ; x86_64         ;
; Assembler                 ; 202a-pc07        ; Windows 8 ; 6.2        ; x86_64         ;
; TimeQuest Timing Analyzer ; 202a-pc07        ; Windows 8 ; 6.2        ; x86_64         ;
; EDA Netlist Writer        ; 202a-pc07        ; Windows 8 ; 6.2        ; x86_64         ;
; EDA Netlist Writer        ; 202a-pc07        ; Windows 8 ; 6.2        ; x86_64         ;
; EDA Netlist Writer        ; 202a-pc07        ; Windows 8 ; 6.2        ; x86_64         ;
; EDA Netlist Writer        ; 202a-pc07        ; Windows 8 ; 6.2        ; x86_64         ;
; EDA Netlist Writer        ; 202a-pc07        ; Windows 8 ; 6.2        ; x86_64         ;
; EDA Netlist Writer        ; 202a-pc07        ; Windows 8 ; 6.2        ; x86_64         ;
; EDA Netlist Writer        ; 202a-pc07        ; Windows 8 ; 6.2        ; x86_64         ;
+---------------------------+------------------+-----------+------------+----------------+


------------
; Flow Log ;
------------
quartus_map --read_settings_files=on --write_settings_files=off led_controller -c led_controller
quartus_fit --read_settings_files=off --write_settings_files=off led_controller -c led_controller
quartus_asm --read_settings_files=off --write_settings_files=off led_controller -c led_controller
quartus_sta led_controller -c led_controller
quartus_eda --read_settings_files=off --write_settings_files=off led_controller -c led_controller
quartus_eda --gen_testbench --tool=modelsim_oem --format=verilog --write_settings_files=off led_controller -c led_controller --vector_source=C:/Users/Student/Documents/final-project-s18-trusttheprocessor-1/led_controller/Waveform.vwf --testbench_file=C:/Users/Student/Documents/final-project-s18-trusttheprocessor-1/led_controller/simulation/qsim/Waveform.vwf.vt
quartus_eda --write_settings_files=off --functional=on --flatten_buses=off --simulation=on --tool=modelsim_oem --format=verilog --output_directory=C:/Users/Student/Documents/final-project-s18-trusttheprocessor-1/led_controller/simulation/qsim/ led_controller -c led_controller
quartus_eda --gen_testbench --tool=modelsim_oem --format=verilog --write_settings_files=off led_controller -c led_controller --vector_source=C:/Users/Student/Documents/final-project-s18-trusttheprocessor-1/led_controller/Waveform.vwf --testbench_file=C:/Users/Student/Documents/final-project-s18-trusttheprocessor-1/led_controller/simulation/qsim/Waveform.vwf.vt
quartus_eda --write_settings_files=off --functional=on --flatten_buses=off --simulation=on --tool=modelsim_oem --format=verilog --output_directory=C:/Users/Student/Documents/final-project-s18-trusttheprocessor-1/led_controller/simulation/qsim/ led_controller -c led_controller
quartus_eda --gen_testbench --tool=modelsim_oem --format=verilog --write_settings_files=off led_controller -c led_controller --vector_source=C:/Users/Student/Documents/final-project-s18-trusttheprocessor-1/led_controller/Waveform.vwf --testbench_file=C:/Users/Student/Documents/final-project-s18-trusttheprocessor-1/led_controller/simulation/qsim/Waveform.vwf.vt
quartus_eda --write_settings_files=off --functional=on --flatten_buses=off --simulation=on --tool=modelsim_oem --format=verilog --output_directory=C:/Users/Student/Documents/final-project-s18-trusttheprocessor-1/led_controller/simulation/qsim/ led_controller -c led_controller



